<?xml version="1.0" encoding="UTF-8"?>
<<<<<<< HEAD:app/build/test-results/testDebugUnitTest/TEST-com.example.qr_dasher.EventTest.xml
<<<<<<< HEAD
<testsuite name="com.example.qr_dasher.EventTest" tests="12" skipped="0" failures="1" errors="0" timestamp="2024-04-08T19:43:08" hostname="LAPTOP-DNIRNLEK" time="0.084">
  <properties/>
  <testcase name="testSetAndGetOrganizer" classname="com.example.qr_dasher.EventTest" time="0.006"/>
  <testcase name="testAddNullAttendee" classname="com.example.qr_dasher.EventTest" time="0.0"/>
  <testcase name="testSetAndGetMaxAttendees" classname="com.example.qr_dasher.EventTest" time="0.0"/>
  <testcase name="testAddAttendee" classname="com.example.qr_dasher.EventTest" time="0.0"/>
  <testcase name="testRemoveNonExistentAttendee" classname="com.example.qr_dasher.EventTest" time="0.0"/>
  <testcase name="testGeneratePromotionalQR" classname="com.example.qr_dasher.EventTest" time="0.073">
    <failure message="java.lang.RuntimeException: Method createBitmap in android.graphics.Bitmap not mocked. See https://developer.android.com/r/studio-ui/build/not-mocked for details." type="java.lang.RuntimeException">java.lang.RuntimeException: Method createBitmap in android.graphics.Bitmap not mocked. See https://developer.android.com/r/studio-ui/build/not-mocked for details.
	at android.graphics.Bitmap.createBitmap(Bitmap.java)
	at com.example.qr_dasher.QRCode.createQRImage(QRCode.java:162)
	at com.example.qr_dasher.QRCode.&lt;init&gt;(QRCode.java:44)
	at com.example.qr_dasher.Event.generateQR(Event.java:194)
	at com.example.qr_dasher.EventTest.testGeneratePromotionalQR(EventTest.java:70)
	at java.base/jdk.internal.reflect.NativeMethodAccessorImpl.invoke0(Native Method)
	at java.base/jdk.internal.reflect.NativeMethodAccessorImpl.invoke(NativeMethodAccessorImpl.java:77)
	at java.base/jdk.internal.reflect.DelegatingMethodAccessorImpl.invoke(DelegatingMethodAccessorImpl.java:43)
	at java.base/java.lang.reflect.Method.invoke(Method.java:568)
	at org.junit.runners.model.FrameworkMethod$1.runReflectiveCall(FrameworkMethod.java:59)
	at org.junit.internal.runners.model.ReflectiveCallable.run(ReflectiveCallable.java:12)
	at org.junit.runners.model.FrameworkMethod.invokeExplosively(FrameworkMethod.java:56)
	at org.junit.internal.runners.statements.InvokeMethod.evaluate(InvokeMethod.java:17)
	at org.junit.runners.ParentRunner$3.evaluate(ParentRunner.java:306)
	at org.junit.runners.BlockJUnit4ClassRunner$1.evaluate(BlockJUnit4ClassRunner.java:100)
	at org.junit.runners.ParentRunner.runLeaf(ParentRunner.java:366)
	at org.junit.runners.BlockJUnit4ClassRunner.runChild(BlockJUnit4ClassRunner.java:103)
	at org.junit.runners.BlockJUnit4ClassRunner.runChild(BlockJUnit4ClassRunner.java:63)
	at org.junit.runners.ParentRunner$4.run(ParentRunner.java:331)
	at org.junit.runners.ParentRunner$1.schedule(ParentRunner.java:79)
	at org.junit.runners.ParentRunner.runChildren(ParentRunner.java:329)
	at org.junit.runners.ParentRunner.access$100(ParentRunner.java:66)
	at org.junit.runners.ParentRunner$2.evaluate(ParentRunner.java:293)
	at org.junit.runners.ParentRunner$3.evaluate(ParentRunner.java:306)
	at org.junit.runners.ParentRunner.run(ParentRunner.java:413)
	at org.gradle.api.internal.tasks.testing.junit.JUnitTestClassExecutor.runTestClass(JUnitTestClassExecutor.java:108)
	at org.gradle.api.internal.tasks.testing.junit.JUnitTestClassExecutor.execute(JUnitTestClassExecutor.java:58)
	at org.gradle.api.internal.tasks.testing.junit.JUnitTestClassExecutor.execute(JUnitTestClassExecutor.java:40)
	at org.gradle.api.internal.tasks.testing.junit.AbstractJUnitTestClassProcessor.processTestClass(AbstractJUnitTestClassProcessor.java:60)
	at org.gradle.api.internal.tasks.testing.SuiteTestClassProcessor.processTestClass(SuiteTestClassProcessor.java:52)
	at java.base/jdk.internal.reflect.NativeMethodAccessorImpl.invoke0(Native Method)
	at java.base/jdk.internal.reflect.NativeMethodAccessorImpl.invoke(NativeMethodAccessorImpl.java:77)
	at java.base/jdk.internal.reflect.DelegatingMethodAccessorImpl.invoke(DelegatingMethodAccessorImpl.java:43)
	at java.base/java.lang.reflect.Method.invoke(Method.java:568)
	at org.gradle.internal.dispatch.ReflectionDispatch.dispatch(ReflectionDispatch.java:36)
	at org.gradle.internal.dispatch.ReflectionDispatch.dispatch(ReflectionDispatch.java:24)
	at org.gradle.internal.dispatch.ContextClassLoaderDispatch.dispatch(ContextClassLoaderDispatch.java:33)
	at org.gradle.internal.dispatch.ProxyDispatchAdapter$DispatchingInvocationHandler.invoke(ProxyDispatchAdapter.java:94)
	at jdk.proxy1/jdk.proxy1.$Proxy2.processTestClass(Unknown Source)
	at org.gradle.api.internal.tasks.testing.worker.TestWorker$2.run(TestWorker.java:176)
	at org.gradle.api.internal.tasks.testing.worker.TestWorker.executeAndMaintainThreadName(TestWorker.java:129)
	at org.gradle.api.internal.tasks.testing.worker.TestWorker.execute(TestWorker.java:100)
	at org.gradle.api.internal.tasks.testing.worker.TestWorker.execute(TestWorker.java:60)
	at org.gradle.process.internal.worker.child.ActionExecutionWorker.execute(ActionExecutionWorker.java:56)
	at org.gradle.process.internal.worker.child.SystemApplicationClassLoaderWorker.call(SystemApplicationClassLoaderWorker.java:113)
	at org.gradle.process.internal.worker.child.SystemApplicationClassLoaderWorker.call(SystemApplicationClassLoaderWorker.java:65)
	at worker.org.gradle.process.internal.worker.GradleWorkerMain.run(GradleWorkerMain.java:69)
	at worker.org.gradle.process.internal.worker.GradleWorkerMain.main(GradleWorkerMain.java:74)
</failure>
  </testcase>
  <testcase name="testSetAndGetEventPoster" classname="com.example.qr_dasher.EventTest" time="0.001"/>
  <testcase name="testAddDuplicateAttendee" classname="com.example.qr_dasher.EventTest" time="0.0"/>
  <testcase name="testAddAttendeeSignup" classname="com.example.qr_dasher.EventTest" time="0.0"/>
  <testcase name="testSetAndGetAnnouncements" classname="com.example.qr_dasher.EventTest" time="0.001"/>
  <testcase name="testAddNullAttendeeSignup" classname="com.example.qr_dasher.EventTest" time="0.0"/>
=======
<testsuite name="com.example.qr_dasher.EventTest" tests="9" skipped="0" failures="0" errors="0" timestamp="2024-04-08T19:30:04" hostname="LAPTOP-186O23V3" time="0.007">
  <properties/>
  <testcase name="testAddNullAttendee" classname="com.example.qr_dasher.EventTest" time="0.004"/>
  <testcase name="testAddAttendee" classname="com.example.qr_dasher.EventTest" time="0.0"/>
  <testcase name="testConstructorAndGetters" classname="com.example.qr_dasher.EventTest" time="0.0"/>
  <testcase name="testRemoveNonExistentAttendee" classname="com.example.qr_dasher.EventTest" time="0.0"/>
  <testcase name="testRemoveUserFromEvent" classname="com.example.qr_dasher.EventTest" time="0.0"/>
  <testcase name="testAddDuplicateAttendee" classname="com.example.qr_dasher.EventTest" time="0.001"/>
  <testcase name="testAddAttendeeSignup" classname="com.example.qr_dasher.EventTest" time="0.0"/>
  <testcase name="testSetters" classname="com.example.qr_dasher.EventTest" time="0.0"/>
>>>>>>> 148840f02bc52e1a025fd268873d38b8199073c1
  <testcase name="testRemoveAttendee" classname="com.example.qr_dasher.EventTest" time="0.0"/>
=======
<testsuite name="com.example.qr_dasher.EventUnitTest" tests="9" skipped="0" failures="0" errors="0" timestamp="2024-04-08T21:04:57" hostname="LAPTOP-186O23V3" time="0.006">
  <properties/>
  <testcase name="testAddNullAttendee" classname="com.example.qr_dasher.EventUnitTest" time="0.001"/>
  <testcase name="testAddAttendee" classname="com.example.qr_dasher.EventUnitTest" time="0.0"/>
  <testcase name="testConstructorAndGetters" classname="com.example.qr_dasher.EventUnitTest" time="0.0"/>
  <testcase name="testRemoveNonExistentAttendee" classname="com.example.qr_dasher.EventUnitTest" time="0.0"/>
  <testcase name="testRemoveUserFromEvent" classname="com.example.qr_dasher.EventUnitTest" time="0.0"/>
  <testcase name="testAddDuplicateAttendee" classname="com.example.qr_dasher.EventUnitTest" time="0.0"/>
  <testcase name="testAddAttendeeSignup" classname="com.example.qr_dasher.EventUnitTest" time="0.0"/>
  <testcase name="testSetters" classname="com.example.qr_dasher.EventUnitTest" time="0.001"/>
  <testcase name="testRemoveAttendee" classname="com.example.qr_dasher.EventUnitTest" time="0.0"/>
>>>>>>> aba1183d906621e527ddcef19b0903e64a7d69c5:app/build/test-results/testDebugUnitTest/TEST-com.example.qr_dasher.EventUnitTest.xml
  <system-out><![CDATA[]]></system-out>
  <system-err><![CDATA[]]></system-err>
</testsuite>
