<?xml version='1.0' encoding='UTF-8' ?>
<testsuite name="com.example.qr_dasher.eventIntentTests" tests="1" failures="1" errors="0" skipped="0" time="0.815" timestamp="2024-04-08T19:54:38" hostname="localhost">
  <properties>
    <property name="device" value="emulator-5554 - 14" />
    <property name="flavor" value="" />
    <property name="project" value=":app" />
  </properties>
  <testcase name="initializationError" classname="com.example.qr_dasher.eventIntentTests" time="0.034">
    <failure>java.lang.RuntimeException: Failed to instantiate test runner class androidx.test.internal.runner.junit4.AndroidJUnit4ClassRunner


at androidx.test.ext.junit.runners.AndroidJUnit4.throwInitializationError(AndroidJUnit4.java:129)
at androidx.test.ext.junit.runners.AndroidJUnit4.loadRunner(AndroidJUnit4.java:121)
at androidx.test.ext.junit.runners.AndroidJUnit4.loadRunner(AndroidJUnit4.java:82)
at androidx.test.ext.junit.runners.AndroidJUnit4.&lt;init&gt;(AndroidJUnit4.java:56)
... 14 trimmed
Caused by: java.lang.reflect.InvocationTargetException
at java.lang.reflect.Constructor.newInstance0(Native Method)
at java.lang.reflect.Constructor.newInstance(Constructor.java:343)
at androidx.test.ext.junit.runners.AndroidJUnit4.loadRunner(AndroidJUnit4.java:112)
... 17 more
Caused by: org.junit.runners.model.InvalidTestClassError: Invalid test class 'com.example.qr_dasher.eventIntentTests':
1. Method createUserProfile() should be static
at org.junit.runners.ParentRunner.validate(ParentRunner.java:525)
at org.junit.runners.ParentRunner.&lt;init&gt;(ParentRunner.java:92)
at org.junit.runners.BlockJUnit4ClassRunner.&lt;init&gt;(BlockJUnit4ClassRunner.java:74)
at androidx.test.internal.runner.junit4.AndroidJUnit4ClassRunner.&lt;init&gt;(AndroidJUnit4ClassRunner.java:43)
at androidx.test.internal.runner.junit4.AndroidJUnit4ClassRunner.&lt;init&gt;(AndroidJUnit4ClassRunner.java:48)
... 20 more</failure>
  </testcase>
</testsuite>